<?xml version="1.0" encoding="UTF-8"?>
<testng-results ignored="0" total="1" passed="1" failed="0" skipped="0">
  <reporter-output>
  </reporter-output>
  <suite started-at="2022-08-19T10:37:50 IST" name="Default suite" finished-at="2022-08-19T10:38:17 IST" duration-ms="27133">
    <groups>
    </groups>
    <test started-at="2022-08-19T10:37:50 IST" name="Default test" finished-at="2022-08-19T10:38:17 IST" duration-ms="27133">
      <class name="sample.Lanch">
        <test-method signature="m()[pri:0, instance:sample.Lanch@47faa49c]" started-at="2022-08-19T10:37:50 IST" name="m" finished-at="2022-08-19T10:38:17 IST" duration-ms="27035" status="PASS">
          <reporter-output>
          </reporter-output>
        </test-method> <!-- m -->
      </class> <!-- sample.Lanch -->
    </test> <!-- Default test -->
  </suite> <!-- Default suite -->
</testng-results>
